<?xml version="1.0" encoding="utf-8"?><testsuites name="pytest tests"><testsuite name="pytest" errors="0" failures="0" skipped="0" tests="18" time="5.431" timestamp="2026-01-14T18:20:32.287306+00:00" hostname="agent-env-3f6455a8-1a66-47ae-ad45-2f7b99fd3ea7"><testcase classname="tests.test_peon_dashboard.TestAuthentication" name="test_login_success" time="0.309" /><testcase classname="tests.test_peon_dashboard.TestAuthentication" name="test_login_invalid_credentials" time="0.040" /><testcase classname="tests.test_peon_dashboard.TestAuthentication" name="test_get_current_user" time="0.326" /><testcase classname="tests.test_peon_dashboard.TestAuthentication" name="test_get_permissions" time="0.318" /><testcase classname="tests.test_peon_dashboard.TestFeatureToggles" name="test_get_features" time="0.318" /><testcase classname="tests.test_peon_dashboard.TestFeatureToggles" name="test_update_features_disable_chat" time="0.427" /><testcase classname="tests.test_peon_dashboard.TestFeatureToggles" name="test_update_features_enable_chat" time="0.410" /><testcase classname="tests.test_peon_dashboard.TestBackupRestore" name="test_list_backups" time="0.308" /><testcase classname="tests.test_peon_dashboard.TestBackupRestore" name="test_create_backup" time="0.320" /><testcase classname="tests.test_peon_dashboard.TestBackupRestore" name="test_backup_appears_in_list" time="0.367" /><testcase classname="tests.test_peon_dashboard.TestNotifications" name="test_get_notification_status" time="0.349" /><testcase classname="tests.test_peon_dashboard.TestNotifications" name="test_get_discord_config" time="0.312" /><testcase classname="tests.test_peon_dashboard.TestNotifications" name="test_get_email_config" time="0.309" /><testcase classname="tests.test_peon_dashboard.TestAuditLog" name="test_get_audit_log" time="0.325" /><testcase classname="tests.test_peon_dashboard.TestAuditLog" name="test_audit_log_has_entries" time="0.358" /><testcase classname="tests.test_peon_dashboard.TestOrchestrators" name="test_get_orchestrators" time="0.349" /><testcase classname="tests.test_peon_dashboard.TestSystemFeatures" name="test_get_public_features" time="0.035" /><testcase classname="tests.test_peon_dashboard.TestSystemFeatures" name="test_get_system_status" time="0.035" /></testsuite></testsuites>